2025-04-20 22:44:15,690 [INFO]: Connected to database sqlite:///./test.db
2025-04-21 06:37:04,632 [INFO]: HTTP Request: GET https://jsonplaceholder.typicode.com/users "HTTP/1.1 200 OK"
2025-04-21 06:37:05,551 [INFO]: HTTP Request: POST https://countries.trevorblades.com/ "HTTP/1.1 200 "
2025-04-21 06:37:13,429 [ERROR]: Insert failed: database is locked
2025-04-21 06:37:13,522 [ERROR]: Insert failed: database is locked
2025-04-21 06:37:13,524 [ERROR]: Insert failed: database is locked
2025-04-21 06:37:13,524 [ERROR]: Insert failed: database is locked
2025-04-21 06:37:13,524 [ERROR]: Insert failed: database is locked
2025-04-21 06:37:13,538 [ERROR]: Insert failed: database is locked
2025-04-21 06:37:13,555 [ERROR]: Insert failed: database is locked
2025-04-21 06:37:13,556 [ERROR]: Insert failed: database is locked
2025-04-21 06:37:13,558 [ERROR]: Insert failed: database is locked
2025-04-21 06:37:13,558 [ERROR]: Insert failed: database is locked
2025-04-21 06:37:13,559 [ERROR]: Insert failed: database is locked
2025-04-21 06:37:13,559 [ERROR]: Insert failed: database is locked
2025-04-21 06:37:13,559 [ERROR]: Insert failed: database is locked
2025-04-21 06:37:13,559 [ERROR]: Insert failed: database is locked
2025-04-21 06:37:13,559 [ERROR]: Insert failed: database is locked
2025-04-21 06:37:13,561 [ERROR]: Insert failed: database is locked
2025-04-21 06:37:13,561 [ERROR]: Insert failed: database is locked
2025-04-21 06:37:13,561 [ERROR]: Insert failed: database is locked
2025-04-21 06:37:13,572 [ERROR]: Insert failed: database is locked
2025-04-21 06:37:13,573 [ERROR]: Insert failed: database is locked
2025-04-21 06:37:13,574 [ERROR]: Insert failed: database is locked
2025-04-21 06:37:13,574 [ERROR]: Insert failed: database is locked
2025-04-21 06:37:13,574 [ERROR]: Insert failed: database is locked
2025-04-21 06:37:13,575 [ERROR]: Insert failed: database is locked
2025-04-21 06:37:13,576 [ERROR]: Insert failed: database is locked
2025-04-21 06:37:13,576 [ERROR]: Insert failed: database is locked
2025-04-21 06:37:13,576 [ERROR]: Insert failed: database is locked
2025-04-21 06:37:13,577 [ERROR]: Insert failed: database is locked
2025-04-21 06:37:13,577 [ERROR]: Insert failed: database is locked
2025-04-21 06:37:13,577 [ERROR]: Insert failed: database is locked
2025-04-21 06:37:13,577 [ERROR]: Insert failed: database is locked
2025-04-21 06:37:13,587 [ERROR]: Insert failed: database is locked
2025-04-21 06:37:13,589 [ERROR]: Insert failed: database is locked
2025-04-21 06:37:13,589 [ERROR]: Insert failed: database is locked
2025-04-21 06:37:13,590 [ERROR]: Insert failed: database is locked
2025-04-21 06:37:13,591 [ERROR]: Insert failed: database is locked
2025-04-21 06:37:13,591 [ERROR]: Insert failed: database is locked
2025-04-21 06:37:13,592 [ERROR]: Insert failed: database is locked
2025-04-21 06:37:13,593 [ERROR]: Insert failed: database is locked
2025-04-21 06:37:13,593 [ERROR]: Insert failed: database is locked
2025-04-21 06:37:13,593 [ERROR]: Insert failed: database is locked
2025-04-21 06:37:13,594 [ERROR]: Insert failed: database is locked
2025-04-21 06:37:13,595 [ERROR]: Insert failed: database is locked
2025-04-21 06:37:13,595 [ERROR]: Insert failed: database is locked
2025-04-21 06:37:13,595 [ERROR]: Insert failed: database is locked
2025-04-21 06:37:13,595 [ERROR]: Insert failed: database is locked
2025-04-21 06:37:13,596 [ERROR]: Insert failed: database is locked
2025-04-21 06:37:13,598 [ERROR]: Insert failed: database is locked
2025-04-21 06:37:13,598 [ERROR]: Insert failed: database is locked
2025-04-21 06:37:13,598 [ERROR]: Insert failed: database is locked
2025-04-21 06:37:13,616 [ERROR]: Insert failed: database is locked
2025-04-21 06:37:13,617 [ERROR]: Insert failed: database is locked
2025-04-21 06:37:13,619 [ERROR]: Insert failed: database is locked
2025-04-21 06:37:13,619 [ERROR]: Insert failed: database is locked
2025-04-21 06:37:13,619 [ERROR]: Insert failed: database is locked
2025-04-21 06:37:13,651 [ERROR]: Insert failed: database is locked
2025-04-21 06:37:13,651 [ERROR]: Insert failed: database is locked
2025-04-21 06:37:13,652 [ERROR]: Insert failed: database is locked
2025-04-21 06:37:13,652 [ERROR]: Insert failed: database is locked
2025-04-21 06:37:13,652 [ERROR]: Insert failed: database is locked
2025-04-21 06:37:13,653 [ERROR]: Insert failed: database is locked
2025-04-21 06:37:13,654 [ERROR]: Insert failed: database is locked
2025-04-21 06:37:13,654 [ERROR]: Insert failed: database is locked
2025-04-21 06:37:13,654 [ERROR]: Insert failed: database is locked
2025-04-21 06:37:13,655 [ERROR]: Insert failed: database is locked
2025-04-21 06:37:13,655 [ERROR]: Insert failed: database is locked
2025-04-21 06:37:13,655 [ERROR]: Insert failed: database is locked
2025-04-21 06:37:13,657 [ERROR]: Insert failed: database is locked
2025-04-21 06:37:13,667 [ERROR]: Insert failed: database is locked
2025-04-21 06:37:13,670 [ERROR]: Insert failed: database is locked
2025-04-21 06:37:13,672 [ERROR]: Insert failed: database is locked
2025-04-21 06:37:13,673 [ERROR]: Insert failed: database is locked
2025-04-21 06:37:13,674 [ERROR]: Insert failed: database is locked
2025-04-21 06:37:13,675 [ERROR]: Insert failed: database is locked
2025-04-21 06:37:13,675 [ERROR]: Insert failed: database is locked
2025-04-21 06:37:13,676 [ERROR]: Insert failed: database is locked
2025-04-21 06:37:13,676 [ERROR]: Insert failed: database is locked
2025-04-21 06:37:13,678 [ERROR]: Insert failed: database is locked
2025-04-21 06:37:13,679 [ERROR]: Insert failed: database is locked
2025-04-21 06:37:13,680 [ERROR]: Insert failed: database is locked
2025-04-21 06:37:13,680 [ERROR]: Insert failed: database is locked
2025-04-21 06:37:13,681 [ERROR]: Insert failed: database is locked
2025-04-21 06:37:13,681 [ERROR]: Insert failed: database is locked
2025-04-21 06:37:13,682 [ERROR]: Insert failed: database is locked
2025-04-21 06:37:13,682 [ERROR]: Insert failed: database is locked
2025-04-21 06:37:13,682 [ERROR]: Insert failed: database is locked
2025-04-21 06:37:13,682 [ERROR]: Insert failed: database is locked
2025-04-21 06:37:13,684 [ERROR]: Insert failed: database is locked
2025-04-21 06:37:13,684 [ERROR]: Insert failed: database is locked
2025-04-21 06:37:13,684 [ERROR]: Insert failed: database is locked
2025-04-21 06:37:13,685 [ERROR]: Insert failed: database is locked
2025-04-21 06:37:13,685 [ERROR]: Insert failed: database is locked
2025-04-21 06:37:13,685 [ERROR]: Insert failed: database is locked
2025-04-21 06:37:13,686 [ERROR]: Insert failed: database is locked
2025-04-21 06:37:13,687 [ERROR]: Insert failed: database is locked
2025-04-21 06:37:13,688 [ERROR]: Insert failed: database is locked
2025-04-21 06:37:13,688 [ERROR]: Insert failed: database is locked
2025-04-21 06:37:13,688 [ERROR]: Insert failed: database is locked
2025-04-21 06:37:13,689 [ERROR]: Insert failed: database is locked
2025-04-21 06:37:13,689 [ERROR]: Insert failed: database is locked
2025-04-21 06:37:13,690 [ERROR]: Insert failed: database is locked
2025-04-21 06:37:13,691 [ERROR]: Insert failed: database is locked
2025-04-21 06:37:13,691 [ERROR]: Insert failed: database is locked
2025-04-21 06:37:13,694 [ERROR]: Insert failed: database is locked
2025-04-21 06:37:13,695 [ERROR]: Insert failed: database is locked
2025-04-21 06:37:13,696 [ERROR]: Insert failed: database is locked
2025-04-21 06:37:13,706 [ERROR]: Insert failed: database is locked
2025-04-21 06:37:13,707 [ERROR]: Insert failed: database is locked
2025-04-21 06:37:13,709 [ERROR]: Insert failed: database is locked
2025-04-21 06:37:13,710 [ERROR]: Insert failed: database is locked
2025-04-21 06:37:13,724 [ERROR]: Insert failed: database is locked
2025-04-21 06:37:13,725 [ERROR]: Insert failed: database is locked
2025-04-21 06:37:13,727 [ERROR]: Insert failed: database is locked
2025-04-21 06:37:13,728 [ERROR]: Insert failed: database is locked
2025-04-21 06:37:13,728 [ERROR]: Insert failed: database is locked
2025-04-21 06:37:13,730 [ERROR]: Insert failed: database is locked
2025-04-21 06:37:13,730 [ERROR]: Insert failed: database is locked
2025-04-21 06:37:13,730 [ERROR]: Insert failed: database is locked
2025-04-21 06:37:13,732 [ERROR]: Insert failed: database is locked
2025-04-21 06:37:13,732 [ERROR]: Insert failed: database is locked
2025-04-21 06:37:13,733 [ERROR]: Insert failed: database is locked
2025-04-21 06:37:13,734 [ERROR]: Insert failed: database is locked
2025-04-21 06:37:13,736 [ERROR]: Insert failed: database is locked
2025-04-21 06:37:13,739 [ERROR]: Insert failed: database is locked
2025-04-21 06:37:13,740 [ERROR]: Insert failed: database is locked
2025-04-21 06:37:13,740 [ERROR]: Insert failed: database is locked
2025-04-21 06:37:13,741 [ERROR]: Insert failed: database is locked
2025-04-21 06:37:13,741 [ERROR]: Insert failed: database is locked
2025-04-21 06:37:13,742 [ERROR]: Insert failed: database is locked
2025-04-21 06:37:13,742 [ERROR]: Insert failed: database is locked
2025-04-21 06:37:13,743 [ERROR]: Insert failed: database is locked
2025-04-21 06:37:13,743 [ERROR]: Insert failed: database is locked
2025-04-21 06:37:13,744 [ERROR]: Insert failed: database is locked
2025-04-21 06:37:13,744 [ERROR]: Insert failed: database is locked
2025-04-21 06:37:13,745 [ERROR]: Insert failed: database is locked
2025-04-21 06:37:13,745 [ERROR]: Insert failed: database is locked
2025-04-21 06:37:13,745 [ERROR]: Insert failed: database is locked
2025-04-21 06:37:13,747 [ERROR]: Insert failed: database is locked
2025-04-21 06:37:13,747 [ERROR]: Insert failed: database is locked
2025-04-21 06:37:13,748 [ERROR]: Insert failed: database is locked
2025-04-21 06:37:13,748 [ERROR]: Insert failed: database is locked
2025-04-21 06:37:13,748 [ERROR]: Insert failed: database is locked
2025-04-21 06:37:13,748 [ERROR]: Insert failed: database is locked
2025-04-21 06:37:13,749 [ERROR]: Insert failed: database is locked
2025-04-21 06:37:13,749 [ERROR]: Insert failed: database is locked
2025-04-21 06:37:13,750 [ERROR]: Insert failed: database is locked
2025-04-21 06:37:13,752 [ERROR]: Insert failed: database is locked
2025-04-21 06:37:13,753 [ERROR]: Insert failed: database is locked
2025-04-21 06:37:13,758 [ERROR]: Insert failed: database is locked
2025-04-21 06:37:13,759 [ERROR]: Insert failed: database is locked
2025-04-21 06:37:13,759 [ERROR]: Insert failed: database is locked
2025-04-21 06:37:13,775 [ERROR]: Insert failed: database is locked
2025-04-21 06:37:13,776 [ERROR]: Insert failed: database is locked
2025-04-21 06:37:13,776 [ERROR]: Insert failed: database is locked
2025-04-21 06:37:13,777 [ERROR]: Insert failed: database is locked
2025-04-21 06:37:13,795 [ERROR]: Insert failed: database is locked
2025-04-21 06:37:13,795 [ERROR]: Insert failed: database is locked
2025-04-21 06:37:13,796 [ERROR]: Insert failed: database is locked
2025-04-21 06:37:13,798 [ERROR]: Insert failed: database is locked
2025-04-21 06:37:13,799 [ERROR]: Insert failed: database is locked
2025-04-21 06:37:13,799 [ERROR]: Insert failed: database is locked
2025-04-21 06:37:13,799 [ERROR]: Insert failed: database is locked
2025-04-21 06:37:13,800 [ERROR]: Insert failed: database is locked
2025-04-21 06:37:13,808 [ERROR]: Insert failed: database is locked
2025-04-21 06:37:13,810 [ERROR]: Insert failed: database is locked
2025-04-21 06:37:13,812 [ERROR]: Insert failed: database is locked
2025-04-21 06:37:13,814 [ERROR]: Insert failed: database is locked
2025-04-21 06:37:13,815 [ERROR]: Insert failed: database is locked
2025-04-21 06:37:13,816 [ERROR]: Insert failed: database is locked
2025-04-21 06:37:13,817 [ERROR]: Insert failed: database is locked
2025-04-21 06:37:13,817 [ERROR]: Insert failed: database is locked
2025-04-21 06:37:13,817 [ERROR]: Insert failed: database is locked
2025-04-21 06:37:13,818 [ERROR]: Insert failed: database is locked
2025-04-21 06:37:13,819 [ERROR]: Insert failed: database is locked
2025-04-21 06:37:13,820 [ERROR]: Insert failed: database is locked
2025-04-21 06:37:13,836 [ERROR]: Insert failed: database is locked
2025-04-21 06:37:13,897 [ERROR]: Insert failed: database is locked
2025-04-21 06:37:13,929 [ERROR]: Insert failed: database is locked
2025-04-21 10:56:06,107 [INFO]: Disconnected from database sqlite:///./test.db
